# JRE version: OpenJDK Runtime Environment (11.0.13) (build 11.0.13+0-b1751.21-8125866)
# Java VM: OpenJDK 64-Bit Server VM (11.0.13+0-b1751.21-8125866, mixed mode, tiered, compressed oops, g1 gc, windows-amd64)
Heap:
 garbage-first heap   total 57344K, used 25999K [0x00000000c8c00000, 0x0000000100000000)
  region size 1024K, 19 young (19456K), 2 survivors (2048K)
 Metaspace       used 31108K, capacity 31800K, committed 31920K, reserved 1077248K
  class space    used 3485K, capacity 3741K, committed 3840K, reserved 1048576K
GC Heap History (6 events):
Event: 1.132 GC heap before
{Heap before GC invocations=0 (full 0):
 garbage-first heap   total 57344K, used 27648K [0x00000000c8c00000, 0x0000000100000000)
  region size 1024K, 24 young (24576K), 0 survivors (0K)
 Metaspace       used 15799K, capacity 16090K, committed 16384K, reserved 1064960K
  class space    used 1658K, capacity 1736K, committed 1792K, reserved 1048576K
}
Event: 1.139 GC heap after
{Heap after GC invocations=1 (full 0):
 garbage-first heap   total 57344K, used 6577K [0x00000000c8c00000, 0x0000000100000000)
  region size 1024K, 3 young (3072K), 3 survivors (3072K)
 Metaspace       used 15799K, capacity 16090K, committed 16384K, reserved 1064960K
  class space    used 1658K, capacity 1736K, committed 1792K, reserved 1048576K
}
Event: 1.585 GC heap before
{Heap before GC invocations=1 (full 0):
 garbage-first heap   total 57344K, used 20913K [0x00000000c8c00000, 0x0000000100000000)
  region size 1024K, 18 young (18432K), 3 survivors (3072K)
 Metaspace       used 20641K, capacity 21126K, committed 21296K, reserved 1069056K
  class space    used 2189K, capacity 2322K, committed 2432K, reserved 1048576K
}
Event: 1.595 GC heap after
{Heap after GC invocations=2 (full 0):
 garbage-first heap   total 57344K, used 9053K [0x00000000c8c00000, 0x0000000100000000)
  region size 1024K, 3 young (3072K), 3 survivors (3072K)
 Metaspace       used 20641K, capacity 21126K, committed 21296K, reserved 1069056K
  class space    used 2189K, capacity 2322K, committed 2432K, reserved 1048576K
}
Event: 2.094 GC heap before
{Heap before GC invocations=3 (full 0):
 garbage-first heap   total 57344K, used 29533K [0x00000000c8c00000, 0x0000000100000000)
  region size 1024K, 24 young (24576K), 3 survivors (3072K)
 Metaspace       used 25736K, capacity 26347K, committed 26544K, reserved 1073152K
  class space    used 2810K, capacity 2958K, committed 3072K, reserved 1048576K
}
Event: 2.102 GC heap after
{Heap after GC invocations=4 (full 0):
 garbage-first heap   total 57344K, used 10639K [0x00000000c8c00000, 0x0000000100000000)
  region size 1024K, 2 young (2048K), 2 survivors (2048K)
 Metaspace       used 25736K, capacity 26347K, committed 26544K, reserved 1073152K
  class space    used 2810K, capacity 2958K, committed 3072K, reserved 1048576K
}

